
4월 18, 2024 08:48:32.320 NEW SESSION
4월 18, 2024 08:48:32.320 INFO: Created TensorFlow Lite XNNPACK delegate for CPU.
4월 18, 2024 13:20:16.745 [2864:19392:0418/132016.745:ERROR:connection_factory_impl.cc(483)] ConnectionHandler failed with net error: -2
4월 18, 2024 14:00:43.41 [2864:19392:0418/140043.041:ERROR:connection_factory_impl.cc(434)] Failed to connect to MCS endpoint with error -106
4월 18, 2024 17:44:19.634 [2864:12072:0418/174419.634:ERROR:interface_endpoint_client.cc(707)] Message 1 rejected by interface blink.mojom.WidgetHost
4월 18, 2024 17:44:19.635 [2864:12072:0418/174419.634:ERROR:interface_endpoint_client.cc(707)] Message 1 rejected by interface blink.mojom.WidgetHost

4월 19, 2024 08:44:41.255 NEW SESSION
4월 19, 2024 08:44:41.255 INFO: Created TensorFlow Lite XNNPACK delegate for CPU.
4월 19, 2024 10:54:02.877 [7956:19388:0419/105402.876:ERROR:interface_endpoint_client.cc(707)] Message 5 rejected by interface blink.mojom.WidgetHost
4월 19, 2024 11:04:38.642 [7956:19388:0419/110438.642:ERROR:interface_endpoint_client.cc(707)] Message 1 rejected by interface blink.mojom.WidgetHost
4월 19, 2024 12:25:35.990 INFO: Created TensorFlow Lite XNNPACK delegate for CPU.
4월 19, 2024 13:18:51.298 [6520:14252:0419/131851.298:ERROR:connection_factory_impl.cc(483)] ConnectionHandler failed with net error: -2
4월 19, 2024 14:00:22.32 [6520:14252:0419/140022.032:ERROR:connection_factory_impl.cc(434)] Failed to connect to MCS endpoint with error -106
4월 19, 2024 14:19:07.450 INFO: Created TensorFlow Lite XNNPACK delegate for CPU.
4월 19, 2024 15:26:35.402 INFO: Created TensorFlow Lite XNNPACK delegate for CPU.
4월 19, 2024 16:04:05.225 INFO: Created TensorFlow Lite XNNPACK delegate for CPU.
4월 19, 2024 17:31:12.631 INFO: Created TensorFlow Lite XNNPACK delegate for CPU.
4월 19, 2024 17:31:55.522 INFO: Created TensorFlow Lite XNNPACK delegate for CPU.
4월 19, 2024 17:33:51.718 INFO: Created TensorFlow Lite XNNPACK delegate for CPU.
4월 19, 2024 17:33:58.780 INFO: Created TensorFlow Lite XNNPACK delegate for CPU.
4월 19, 2024 17:39:20.454 INFO: Created TensorFlow Lite XNNPACK delegate for CPU.
4월 19, 2024 17:42:16.46 INFO: Created TensorFlow Lite XNNPACK delegate for CPU.
4월 19, 2024 17:47:23.611 [9976:12724:0419/174723.610:ERROR:interface_endpoint_client.cc(707)] Message 1 rejected by interface blink.mojom.WidgetHost

4월 22, 2024 09:01:26.895 NEW SESSION
4월 22, 2024 09:01:26.895 INFO: Created TensorFlow Lite XNNPACK delegate for CPU.
4월 22, 2024 09:19:51.537 INFO: Created TensorFlow Lite XNNPACK delegate for CPU.
4월 22, 2024 09:35:34.887 INFO: Created TensorFlow Lite XNNPACK delegate for CPU.
4월 22, 2024 09:37:59.53 INFO: Created TensorFlow Lite XNNPACK delegate for CPU.
4월 22, 2024 09:39:26.795 INFO: Created TensorFlow Lite XNNPACK delegate for CPU.
4월 22, 2024 09:49:25.314 [11828:11840:0422/094925.313:ERROR:interface_endpoint_client.cc(707)] Message 1 rejected by interface blink.mojom.WidgetHost
4월 22, 2024 09:49:25.314 [11828:11840:0422/094925.313:ERROR:interface_endpoint_client.cc(707)] Message 1 rejected by interface blink.mojom.WidgetHost
4월 22, 2024 09:59:28.212 [11828:11840:0422/095928.212:ERROR:interface_endpoint_client.cc(707)] Message 5 rejected by interface blink.mojom.WidgetHost
4월 22, 2024 09:59:59.883 INFO: Created TensorFlow Lite XNNPACK delegate for CPU.
4월 22, 2024 10:51:43.689 INFO: Created TensorFlow Lite XNNPACK delegate for CPU.
4월 22, 2024 10:57:28.886 INFO: Created TensorFlow Lite XNNPACK delegate for CPU.
4월 22, 2024 11:18:06.288 INFO: Created TensorFlow Lite XNNPACK delegate for CPU.
4월 22, 2024 11:18:14.536 [3036:13796:0422/111814.536:ERROR:get_updates_processor.cc(263)] PostClientToServerMessage() failed during GetUpdates with error Network error (ERR_ABORTED)
4월 22, 2024 11:18:19.101 INFO: Created TensorFlow Lite XNNPACK delegate for CPU.
4월 22, 2024 12:47:02.361 INFO: Created TensorFlow Lite XNNPACK delegate for CPU.
4월 22, 2024 13:46:44.223 [16244:7208:0422/134644.222:ERROR:connection_factory_impl.cc(483)] ConnectionHandler failed with net error: -2
4월 22, 2024 13:59:37.847 [16244:7208:0422/135937.846:ERROR:connection_factory_impl.cc(434)] Failed to connect to MCS endpoint with error -106
4월 22, 2024 16:49:03.622 [16244:3504:0422/164903.622:ERROR:interface_endpoint_client.cc(707)] Message 0 rejected by interface blink.mojom.WidgetHost
4월 22, 2024 16:49:03.622 [16244:3504:0422/164903.622:ERROR:interface_endpoint_client.cc(707)] Message 1 rejected by interface blink.mojom.WidgetHost

4월 23, 2024 08:41:20.65 NEW SESSION
4월 23, 2024 08:41:20.65 INFO: Created TensorFlow Lite XNNPACK delegate for CPU.
4월 23, 2024 09:32:30.30 INFO: Created TensorFlow Lite XNNPACK delegate for CPU.
4월 23, 2024 11:21:28.40 INFO: Created TensorFlow Lite XNNPACK delegate for CPU.
4월 23, 2024 11:27:48.948 [9548:8324:0423/112748.948:ERROR:interface_endpoint_client.cc(707)] Message 1 rejected by interface blink.mojom.WidgetHost
4월 23, 2024 12:36:45.431 INFO: Created TensorFlow Lite XNNPACK delegate for CPU.
4월 23, 2024 13:19:02.833 [6476:14732:0423/131902.832:ERROR:connection_factory_impl.cc(483)] ConnectionHandler failed with net error: -2
4월 23, 2024 13:58:13.66 [6476:14732:0423/135813.058:ERROR:connection_factory_impl.cc(434)] Failed to connect to MCS endpoint with error -106

4월 23, 2024 14:22:56.970 NEW SESSION
4월 23, 2024 14:22:56.970 [7620:15140:0423/142256.969:ERROR:persistent_memory_allocator.cc(902)] Corruption detected in shared-memory segment.
4월 23, 2024 14:22:58.319 INFO: Created TensorFlow Lite XNNPACK delegate for CPU.
4월 23, 2024 14:23:37.182 INFO: Created TensorFlow Lite XNNPACK delegate for CPU.
4월 23, 2024 14:37:51.241 INFO: Created TensorFlow Lite XNNPACK delegate for CPU.
4월 23, 2024 14:42:04.21 INFO: Created TensorFlow Lite XNNPACK delegate for CPU.
4월 23, 2024 14:53:56.750 INFO: Created TensorFlow Lite XNNPACK delegate for CPU.
4월 23, 2024 14:55:56.599 INFO: Created TensorFlow Lite XNNPACK delegate for CPU.
4월 23, 2024 14:57:09.708 INFO: Created TensorFlow Lite XNNPACK delegate for CPU.
4월 23, 2024 14:59:10.78 INFO: Created TensorFlow Lite XNNPACK delegate for CPU.
4월 23, 2024 15:14:44.806 INFO: Created TensorFlow Lite XNNPACK delegate for CPU.
4월 23, 2024 15:17:04.88 INFO: Created TensorFlow Lite XNNPACK delegate for CPU.
4월 23, 2024 16:00:50.765 [12784:2516:0423/160050.765:ERROR:interface_endpoint_client.cc(707)] Message 1 rejected by interface blink.mojom.WidgetHost
4월 23, 2024 16:00:50.766 [12784:2516:0423/160050.765:ERROR:interface_endpoint_client.cc(707)] Message 1 rejected by interface blink.mojom.WidgetHost
4월 23, 2024 16:51:52.367 INFO: Created TensorFlow Lite XNNPACK delegate for CPU.
4월 23, 2024 17:12:35.493 INFO: Created TensorFlow Lite XNNPACK delegate for CPU.
4월 23, 2024 17:36:18.711 INFO: Created TensorFlow Lite XNNPACK delegate for CPU.

4월 24, 2024 09:21:59.581 NEW SESSION
4월 24, 2024 09:21:59.581 INFO: Created TensorFlow Lite XNNPACK delegate for CPU.
4월 24, 2024 09:47:33.991 INFO: Created TensorFlow Lite XNNPACK delegate for CPU.
4월 24, 2024 09:50:57.179 INFO: Created TensorFlow Lite XNNPACK delegate for CPU.
4월 24, 2024 10:07:26.690 [3800:8416:0424/100726.689:ERROR:interface_endpoint_client.cc(707)] Message 1 rejected by interface blink.mojom.WidgetHost
4월 24, 2024 10:07:26.690 [3800:8416:0424/100726.689:ERROR:interface_endpoint_client.cc(707)] Message 1 rejected by interface blink.mojom.WidgetHost
4월 24, 2024 12:39:27.281 INFO: Created TensorFlow Lite XNNPACK delegate for CPU.
4월 24, 2024 12:39:32.919 INFO: Created TensorFlow Lite XNNPACK delegate for CPU.
4월 24, 2024 12:47:51.879 INFO: Created TensorFlow Lite XNNPACK delegate for CPU.
4월 24, 2024 12:49:43.473 INFO: Created TensorFlow Lite XNNPACK delegate for CPU.
4월 24, 2024 13:20:02.707 [11576:3604:0424/132002.707:ERROR:connection_factory_impl.cc(483)] ConnectionHandler failed with net error: -2
4월 24, 2024 13:48:40.995 [11576:3676:0424/134840.995:ERROR:get_updates_processor.cc(263)] PostClientToServerMessage() failed during GetUpdates with error Network error (ERR_INTERNET_DISCONNECTED)
4월 24, 2024 13:48:41.111 [11576:3604:0424/134840.997:ERROR:connection_factory_impl.cc(434)] Failed to connect to MCS endpoint with error -106
4월 24, 2024 14:24:13.90 INFO: Created TensorFlow Lite XNNPACK delegate for CPU.
4월 24, 2024 14:26:25.803 INFO: Created TensorFlow Lite XNNPACK delegate for CPU.
4월 24, 2024 15:53:04.449 INFO: Created TensorFlow Lite XNNPACK delegate for CPU.
4월 24, 2024 15:53:11.852 INFO: Created TensorFlow Lite XNNPACK delegate for CPU.
4월 24, 2024 15:53:48.954 INFO: Created TensorFlow Lite XNNPACK delegate for CPU.
4월 24, 2024 15:55:46.599 INFO: Created TensorFlow Lite XNNPACK delegate for CPU.
4월 24, 2024 16:29:11.608 INFO: Created TensorFlow Lite XNNPACK delegate for CPU.

4월 25, 2024 08:26:25.317 NEW SESSION
4월 25, 2024 08:26:25.317 Created TensorFlow Lite XNNPACK delegate for CPU.
4월 25, 2024 08:59:12.420 [5228:10732:0425/085912.419:ERROR:connection_factory_impl.cc(483)] ConnectionHandler failed with net error: -2
4월 25, 2024 08:59:25.967 [5228:10732:0425/085925.966:ERROR:connection_factory_impl.cc(434)] Failed to connect to MCS endpoint with error -106
4월 25, 2024 10:41:08.39 [5228:17352:0425/104108.039:ERROR:interface_endpoint_client.cc(707)] Message 1 rejected by interface blink.mojom.WidgetHost
4월 25, 2024 10:41:08.40 [5228:17352:0425/104108.039:ERROR:interface_endpoint_client.cc(707)] Message 1 rejected by interface blink.mojom.WidgetHost

4월 25, 2024 13:58:27.991 NEW SESSION
4월 25, 2024 13:58:27.992 [5940:10516:0425/135827.991:ERROR:backend_impl.cc(984)] Critical error found -8
4월 25, 2024 13:58:29.833 [5940:11456:0425/135829.833:ERROR:persistent_memory_allocator.cc(903)] Corruption detected in shared-memory segment.
4월 25, 2024 13:58:30.252 Created TensorFlow Lite XNNPACK delegate for CPU.
4월 25, 2024 15:22:35.535 [5940:5988:0425/152235.535:ERROR:interface_endpoint_client.cc(707)] Message 1 rejected by interface blink.mojom.WidgetHost

4월 26, 2024 08:26:03.548 NEW SESSION
4월 26, 2024 08:26:03.548 Created TensorFlow Lite XNNPACK delegate for CPU.
4월 26, 2024 08:56:20.827 [11888:1936:0426/085620.827:ERROR:connection_factory_impl.cc(483)] ConnectionHandler failed with net error: -2
4월 26, 2024 08:59:24.962 [11888:1936:0426/085924.962:ERROR:connection_factory_impl.cc(434)] Failed to connect to MCS endpoint with error -106

4월 26, 2024 16:41:39.766 NEW SESSION
4월 26, 2024 16:41:39.766 Created TensorFlow Lite XNNPACK delegate for CPU.
4월 26, 2024 16:42:42.965 Created TensorFlow Lite XNNPACK delegate for CPU.
